{
    "data": {
        "handler": "ilsvrc_dataset",
        "batch_size": 512,
        "train_filelist": "/grand/projects/ALCFAITP/ilsvrc_train_filelist.txt",
        "test_filelist": "/grand/projects/ALCFAITP/ilsvrc_val_filelist.txt",
        "shuffle_buffer": 200000,
        "reshuffle_each_iteration": true,
        "num_parallel_readers": 128,
        "prefetch_buffer_size": 8,
        "crop_image_size": [
            256,
            256
        ],
        "num_classes": 1000,
        "num_channels": 3
    }
}
num labels: 1000
build dataset /grand/projects/ALCFAITP/ilsvrc_train_filelist.txt
[[36m2022-11-16 22:05:49,410[0m][[34mai4sci.ilsvrc_dataset[0m][[32mINFO[0m] - input filelist contains 1281167 files, estimated batches per rank 2502[0m
build dataset /grand/projects/ALCFAITP/ilsvrc_val_filelist.txt
[[36m2022-11-16 22:05:51,792[0m][[34mai4sci.ilsvrc_dataset[0m][[32mINFO[0m] - input filelist contains 50000 files, estimated batches per rank 97[0m
thetagpu06:2379657:2381007 [0] NCCL INFO Bootstrap : Using enp226s0:10.230.2.194<0>
thetagpu06:2379657:2381007 [0] NCCL INFO NET/Plugin : No plugin found (libnccl-net.so), using internal implementation
thetagpu06:2379657:2381007 [0] NCCL INFO NET/IB : Using [0]mlx5_0:1/IB [1]mlx5_1:1/IB [2]mlx5_2:1/IB [3]mlx5_3:1/IB [4]mlx5_4:1/IB [5]mlx5_5:1/RoCE [6]mlx5_6:1/IB [7]mlx5_7:1/IB [8]mlx5_8:1/IB [9]mlx5_9:1/IB [10]mlx5_10:1/IB [11]mlx5_11:1/RoCE [RO]; OOB enp226s0:10.230.2.194<0>
thetagpu06:2379657:2381007 [0] NCCL INFO Using network IB
NCCL version 2.12.12+cuda11.0
thetagpu06:2379657:2381007 [0] NCCL INFO Setting affinity for GPU 0 to 010000,00000000,00000000,00000000,00010000,00000000
thetagpu06:2379657:2381007 [0] NCCL INFO Channel 00/32 :    0
thetagpu06:2379657:2381007 [0] NCCL INFO Channel 01/32 :    0
thetagpu06:2379657:2381007 [0] NCCL INFO Channel 02/32 :    0
thetagpu06:2379657:2381007 [0] NCCL INFO Channel 03/32 :    0
thetagpu06:2379657:2381007 [0] NCCL INFO Channel 04/32 :    0
thetagpu06:2379657:2381007 [0] NCCL INFO Channel 05/32 :    0
thetagpu06:2379657:2381007 [0] NCCL INFO Channel 06/32 :    0
thetagpu06:2379657:2381007 [0] NCCL INFO Channel 07/32 :    0
thetagpu06:2379657:2381007 [0] NCCL INFO Channel 08/32 :    0
thetagpu06:2379657:2381007 [0] NCCL INFO Channel 09/32 :    0
thetagpu06:2379657:2381007 [0] NCCL INFO Channel 10/32 :    0
thetagpu06:2379657:2381007 [0] NCCL INFO Channel 11/32 :    0
thetagpu06:2379657:2381007 [0] NCCL INFO Channel 12/32 :    0
thetagpu06:2379657:2381007 [0] NCCL INFO Channel 13/32 :    0
thetagpu06:2379657:2381007 [0] NCCL INFO Channel 14/32 :    0
thetagpu06:2379657:2381007 [0] NCCL INFO Channel 15/32 :    0
thetagpu06:2379657:2381007 [0] NCCL INFO Channel 16/32 :    0
thetagpu06:2379657:2381007 [0] NCCL INFO Channel 17/32 :    0
thetagpu06:2379657:2381007 [0] NCCL INFO Channel 18/32 :    0
thetagpu06:2379657:2381007 [0] NCCL INFO Channel 19/32 :    0
thetagpu06:2379657:2381007 [0] NCCL INFO Channel 20/32 :    0
thetagpu06:2379657:2381007 [0] NCCL INFO Channel 21/32 :    0
thetagpu06:2379657:2381007 [0] NCCL INFO Channel 22/32 :    0
thetagpu06:2379657:2381007 [0] NCCL INFO Channel 23/32 :    0
thetagpu06:2379657:2381007 [0] NCCL INFO Channel 24/32 :    0
thetagpu06:2379657:2381007 [0] NCCL INFO Channel 25/32 :    0
thetagpu06:2379657:2381007 [0] NCCL INFO Channel 26/32 :    0
thetagpu06:2379657:2381007 [0] NCCL INFO Channel 27/32 :    0
thetagpu06:2379657:2381007 [0] NCCL INFO Channel 28/32 :    0
thetagpu06:2379657:2381007 [0] NCCL INFO Channel 29/32 :    0
thetagpu06:2379657:2381007 [0] NCCL INFO Channel 30/32 :    0
thetagpu06:2379657:2381007 [0] NCCL INFO Channel 31/32 :    0
thetagpu06:2379657:2381007 [0] NCCL INFO Trees [0] -1/-1/-1->0->-1 [1] -1/-1/-1->0->-1 [2] -1/-1/-1->0->-1 [3] -1/-1/-1->0->-1 [4] -1/-1/-1->0->-1 [5] -1/-1/-1->0->-1 [6] -1/-1/-1->0->-1 [7] -1/-1/-1->0->-1 [8] -1/-1/-1->0->-1 [9] -1/-1/-1->0->-1 [10] -1/-1/-1->0->-1 [11] -1/-1/-1->0->-1 [12] -1/-1/-1->0->-1 [13] -1/-1/-1->0->-1 [14] -1/-1/-1->0->-1 [15] -1/-1/-1->0->-1 [16] -1/-1/-1->0->-1 [17] -1/-1/-1->0->-1 [18] -1/-1/-1->0->-1 [19] -1/-1/-1->0->-1 [20] -1/-1/-1->0->-1 [21] -1/-1/-1->0->-1 [22] -1/-1/-1->0->-1 [23] -1/-1/-1->0->-1 [24] -1/-1/-1->0->-1 [25] -1/-1/-1->0->-1 [26] -1/-1/-1->0->-1 [27] -1/-1/-1->0->-1 [28] -1/-1/-1->0->-1 [29] -1/-1/-1->0->-1 [30] -1/-1/-1->0->-1 [31] -1/-1/-1->0->-1
thetagpu06:2379657:2381007 [0] NCCL INFO Connected all rings
thetagpu06:2379657:2381007 [0] NCCL INFO Connected all trees
thetagpu06:2379657:2381007 [0] NCCL INFO 32 coll channels, 32 p2p channels, 32 p2p channels per peer
thetagpu06:2379657:2381007 [0] NCCL INFO comm 0x7f18aeffaed0 rank 0 nranks 1 cudaDev 0 busId f000 - Init COMPLETE
[[36m2022-11-16 22:06:32,520[0m][[34mai4sci.trainer[0m][[32mINFO[0m] - [0] [0/1: 0 / 1281167 (0%)] epoch=0.0000 dt=37.6872 running_loss=0.0000 batch_loss=0.0148 acc=0.0000 batch_acc=0.0020[0m
[[36m2022-11-16 22:06:47,742[0m][[34mai4sci.trainer[0m][[32mINFO[0m] - [0] [0/1: 5120 / 1281167 (0%)] epoch=0.0000 dt=0.9403 running_loss=0.0000 batch_loss=0.0099 acc=0.0001 batch_acc=0.0293[0m
[[36m2022-11-16 22:07:10,718[0m][[34mai4sci.trainer[0m][[32mINFO[0m] - [0] [0/1: 10240 / 1281167 (1%)] epoch=0.0000 dt=0.6165 running_loss=0.0001 batch_loss=0.0096 acc=0.0002 batch_acc=0.0430[0m
[[36m2022-11-16 22:07:37,214[0m][[34mai4sci.trainer[0m][[32mINFO[0m] - [0] [0/1: 15360 / 1281167 (1%)] epoch=0.0000 dt=0.8050 running_loss=0.0001 batch_loss=0.0094 acc=0.0004 batch_acc=0.0352[0m
[[36m2022-11-16 22:08:02,754[0m][[34mai4sci.trainer[0m][[32mINFO[0m] - [0] [0/1: 20480 / 1281167 (2%)] epoch=0.0000 dt=0.6620 running_loss=0.0002 batch_loss=0.0092 acc=0.0005 batch_acc=0.0508[0m
[[36m2022-11-16 22:08:27,780[0m][[34mai4sci.trainer[0m][[32mINFO[0m] - [0] [0/1: 25600 / 1281167 (2%)] epoch=0.0000 dt=0.7437 running_loss=0.0002 batch_loss=0.0092 acc=0.0007 batch_acc=0.0371[0m
[[36m2022-11-16 22:08:52,531[0m][[34mai4sci.trainer[0m][[32mINFO[0m] - [0] [0/1: 30720 / 1281167 (2%)] epoch=0.0000 dt=0.7437 running_loss=0.0002 batch_loss=0.0091 acc=0.0009 batch_acc=0.0586[0m
[[36m2022-11-16 22:09:20,363[0m][[34mai4sci.trainer[0m][[32mINFO[0m] - [0] [0/1: 35840 / 1281167 (3%)] epoch=0.0000 dt=0.8351 running_loss=0.0003 batch_loss=0.0093 acc=0.0012 batch_acc=0.0625[0m
[[36m2022-11-16 22:09:55,858[0m][[34mai4sci.trainer[0m][[32mINFO[0m] - [0] [0/1: 40960 / 1281167 (3%)] epoch=0.0000 dt=1.1004 running_loss=0.0003 batch_loss=0.0090 acc=0.0014 batch_acc=0.0879[0m
[[36m2022-11-16 22:10:29,669[0m][[34mai4sci.trainer[0m][[32mINFO[0m] - [0] [0/1: 46080 / 1281167 (4%)] epoch=0.0000 dt=0.8086 running_loss=0.0003 batch_loss=0.0091 acc=0.0017 batch_acc=0.0684[0m
[[36m2022-11-16 22:10:54,302[0m][[34mai4sci.trainer[0m][[32mINFO[0m] - [0] [0/1: 51200 / 1281167 (4%)] epoch=0.0000 dt=0.7024 running_loss=0.0004 batch_loss=0.0086 acc=0.0020 batch_acc=0.0859[0m
[[36m2022-11-16 22:11:18,992[0m][[34mai4sci.trainer[0m][[32mINFO[0m] - [0] [0/1: 56320 / 1281167 (4%)] epoch=0.0000 dt=0.6152 running_loss=0.0004 batch_loss=0.0089 acc=0.0023 batch_acc=0.0703[0m
[[36m2022-11-16 22:11:47,350[0m][[34mai4sci.trainer[0m][[32mINFO[0m] - [0] [0/1: 61440 / 1281167 (5%)] epoch=0.0000 dt=0.6678 running_loss=0.0005 batch_loss=0.0090 acc=0.0026 batch_acc=0.0781[0m
[[36m2022-11-16 22:12:11,685[0m][[34mai4sci.trainer[0m][[32mINFO[0m] - [0] [0/1: 66560 / 1281167 (5%)] epoch=0.0000 dt=0.7362 running_loss=0.0005 batch_loss=0.0087 acc=0.0030 batch_acc=0.1094[0m
[[36m2022-11-16 22:12:36,361[0m][[34mai4sci.trainer[0m][[32mINFO[0m] - [0] [0/1: 71680 / 1281167 (6%)] epoch=0.0000 dt=0.7695 running_loss=0.0005 batch_loss=0.0085 acc=0.0034 batch_acc=0.1113[0m
[[36m2022-11-16 22:13:09,001[0m][[34mai4sci.trainer[0m][[32mINFO[0m] - [0] [0/1: 76800 / 1281167 (6%)] epoch=0.0000 dt=0.6266 running_loss=0.0006 batch_loss=0.0084 acc=0.0038 batch_acc=0.1035[0m
[[36m2022-11-16 22:13:33,870[0m][[34mai4sci.trainer[0m][[32mINFO[0m] - [0] [0/1: 81920 / 1281167 (6%)] epoch=0.0000 dt=0.6173 running_loss=0.0006 batch_loss=0.0086 acc=0.0042 batch_acc=0.0957[0m
[[36m2022-11-16 22:14:00,169[0m][[34mai4sci.trainer[0m][[32mINFO[0m] - [0] [0/1: 87040 / 1281167 (7%)] epoch=0.0000 dt=0.9029 running_loss=0.0006 batch_loss=0.0084 acc=0.0046 batch_acc=0.1133[0m
[[36m2022-11-16 22:14:34,465[0m][[34mai4sci.trainer[0m][[32mINFO[0m] - [0] [0/1: 92160 / 1281167 (7%)] epoch=0.0000 dt=0.8653 running_loss=0.0007 batch_loss=0.0081 acc=0.0050 batch_acc=0.0957[0m
[[36m2022-11-16 22:15:03,445[0m][[34mai4sci.trainer[0m][[32mINFO[0m] - [0] [0/1: 97280 / 1281167 (8%)] epoch=0.0000 dt=0.8819 running_loss=0.0007 batch_loss=0.0086 acc=0.0055 batch_acc=0.1152[0m
[[36m2022-11-16 22:15:32,795[0m][[34mai4sci.trainer[0m][[32mINFO[0m] - [0] [0/1: 102400 / 1281167 (8%)] epoch=0.0000 dt=0.8757 running_loss=0.0007 batch_loss=0.0081 acc=0.0059 batch_acc=0.1152[0m
[[36m2022-11-16 22:16:08,787[0m][[34mai4sci.trainer[0m][[32mINFO[0m] - [0] [0/1: 107520 / 1281167 (8%)] epoch=0.0000 dt=0.6433 running_loss=0.0008 batch_loss=0.0086 acc=0.0064 batch_acc=0.1055[0m
[[36m2022-11-16 22:16:37,709[0m][[34mai4sci.trainer[0m][[32mINFO[0m] - [0] [0/1: 112640 / 1281167 (9%)] epoch=0.0000 dt=0.6350 running_loss=0.0008 batch_loss=0.0086 acc=0.0069 batch_acc=0.1035[0m
[[36m2022-11-16 22:17:06,459[0m][[34mai4sci.trainer[0m][[32mINFO[0m] - [0] [0/1: 117760 / 1281167 (9%)] epoch=0.0000 dt=0.6300 running_loss=0.0008 batch_loss=0.0084 acc=0.0074 batch_acc=0.1250[0m
[[36m2022-11-16 22:17:40,217[0m][[34mai4sci.trainer[0m][[32mINFO[0m] - [0] [0/1: 122880 / 1281167 (10%)] epoch=0.0000 dt=0.6479 running_loss=0.0009 batch_loss=0.0082 acc=0.0079 batch_acc=0.1484[0m
[[36m2022-11-16 22:18:14,212[0m][[34mai4sci.trainer[0m][[32mINFO[0m] - [0] [0/1: 128000 / 1281167 (10%)] epoch=0.0000 dt=0.6106 running_loss=0.0009 batch_loss=0.0084 acc=0.0085 batch_acc=0.1367[0m
[[36m2022-11-16 22:18:43,236[0m][[34mai4sci.trainer[0m][[32mINFO[0m] - [0] [0/1: 133120 / 1281167 (10%)] epoch=0.0000 dt=0.8788 running_loss=0.0009 batch_loss=0.0079 acc=0.0090 batch_acc=0.1191[0m
